1665326467191 GET /
1665326477227 GET /87
1665329883377 POST /api/user/login
1665329885479 POST /api/user/login
1665329893392 GET /api/user/login
1665329921167 GET /api/user/login
1665329938588 POST /api/user/login
1665330044745 POST /api/user/login
1665330058047 POST /api/books
1665330116395 POST /api/books
1665330120217 POST /api/user/login
1665330133528 GET /
1665330135888 GET /
1665330145381 GET /
1665330146335 GET /
1665330170250 GET /
1665330174889 GET /
1665330238015 GET /
1665330265099 POST /api/user/login
1665330316106 POST /api/user/login
1665330341419 POST /api/user/logif
1665330343962 POST /api/user/login
1665330388320 GET /
1665330475733 GET /
1665330483013 POST /api/user/login
1665330493579 POST /api/user/login
1665330607843 GET /
1665330615463 POST /api/user/login
1665331838372 GET /
1665331843893 GET /api
1665331893053 GET /
1665331921559 GET /
1665331924596 GET /api
1665332088230 GET /api
1665332090571 GET /api
1665332254383 POST /api/user/login
1665332255150 POST /api/user/login
1665332267799 GET /api/books/
1665332271853 GET /api/books
1665332386646 GET /api/books
1665332393023 POST /api/books
1665332394619 POST /api/books/
1665332395436 POST /api/books
1665332421163 POST /api/books
1665332455632 POST /api/books
1665332506343 POST /api/books
1665332508049 POST /api/books
1665332663509 POST /api/books
1665332673266 POST /api/books
1665332673962 POST /api/books
1665332674513 POST /api/books
1665332675093 POST /api/books
1665332680122 GET /api/books
1665333728598 POST /api/user/login
1665334893640 POST /api/user/login
1665334894783 POST /api/user/login
1665334908658 POST /api/books
1665334909421 POST /api/books
1665334910013 POST /api/books
1665334916980 GET /api/books
1665334917662 GET /api/books
1665335899666 POST /api/books
1665335900685 POST /api/books
1665335901884 POST /api/books
1665335906100 POST /api/books
1665335930071 GET /api/books
1665335960241 POST /api/books/7a590407-7cab-4367-8332-44efa34d9c96/upload
1665336033776 POST /api/books/upload
1665336040697 POST /api/books/upload
1665336158010 POST /api/books/upload
1665336720076 POST /api/books
1665336720961 POST /api/books
1665336721752 POST /api/books
1665336722431 POST /api/books
1665336723117 POST /api/books
1665336728309 GET /api/books
1665336752346 POST /api/books/ea8ba167-dd72-4088-9c4a-b2c6f7671189/upload
1665338237982 POST /api/books
1665338238924 POST /api/books
1665338239815 POST /api/books
1665338243186 GET /api/books
1665338279284 GET /api/books/ea8ba167-dd72-4088-9c4a-b2c6f7671189/download
1665338309379 GET /api/books
1665338313758 POST /api/books
1665338330813 POST /api/books/1c9ab059-71cc-4672-8398-1d76f662d954/upload
1665338338832 GET /api/books
1665338370010 GET /api/books/1c9ab059-71cc-4672-8398-1d76f662d954/download
1665338692786 GET /public//books//1665338330819-demo.png
1665338715146 GET /public//books//1665338330819-demo.png
1665338735570 GET /public//books//1665338330819-demo.png
1665339219939 GET /api
1665339259245 POST /api/books
1665339259983 POST /api/books
1665339262596 GET /api/books
1665339263306 GET /api/books
1665339295593 POST /api/books/5fdc9e67-1dba-443d-88f9-acd1a402630f/upload
1665339301577 GET /api/books
1665339315837 GET /api/books/5fdc9e67-1dba-443d-88f9-acd1a402630f/download
1665339641782 POST /api/books
1665339642504 POST /api/books
1665339643173 POST /api/books
1665339643573 POST /api/books
1665339646784 GET /api/books
1665339663102 POST /api/books/f9c0ae55-6c46-4422-a69f-760639bc4fb3/upload
1665339679934 GET /api/books/f9c0ae55-6c46-4422-a69f-760639bc4fb3/download
1665340429617 POST /api/books
1665340430484 POST /api/books
1665340431304 POST /api/books
1665340434083 GET /api/books
1665340445240 POST /api/books/e74711d1-7741-4133-b2aa-2135c3156f3a/upload
1665340459114 GET /api/books/e74711d1-7741-4133-b2aa-2135c3156f3a/download
1665340462559 GET /api/books/e74711d1-7741-4133-b2aa-2135c3156f3a/download
1665340467737 GET /api/books/e74711d1-7741-4133-b2aa-2135c3156f3a/download
1665340476961 GET /api/books/e74711d1-7741-4133-b2aa-2135c3156f3a/download
1665340484472 POST /api/books/e74711d1-7741-4133-b2aa-2135c3156f3a/upload
1665341132046 POST /api/books
1665341132637 POST /api/books
1665341133207 POST /api/books
1665341135212 GET /api/books
1665341135849 GET /api/books
1665341147695 POST /api/books/6f1c8c3f-3110-42b3-8536-fd76105a4623/upload
1665341164440 GET /api/books/6f1c8c3f-3110-42b3-8536-fd76105a4623/download
1665341213674 POST /api/books
1665341214312 POST /api/books
1665341214920 POST /api/books
1665341218066 GET /api/books
1665341228889 POST /api/books/b1a96c78-98ac-4c08-8cef-f14ef3cf0c70/upload
1665341254086 GET /api/books/b1a96c78-98ac-4c08-8cef-f14ef3cf0c70/download
1665343001971 GET /api/books/b1a96c78-98ac-4c08-8cef-f14ef3cf0c70/download
1665343006240 POST /api/books
1665343007079 POST /api/books
1665343007848 POST /api/books
1665343010355 POST /api/books
1665343026303 POST /api/books/b1a96c78-98ac-4c08-8cef-f14ef3cf0c70/upload
1665343033812 GET /api/books
1665343043476 POST /api/books/66a257c0-d172-4d1e-a68b-d89486870569/upload
1665343050129 GET /api/books
1665343082591 GET /api/books
1665343116119 GET /api/books/66a257c0-d172-4d1e-a68b-d89486870569/download
1665343355537 GET /api/books/66a257c0-d172-4d1e-a68b-d89486870569/download
1665343388832 GET /api/books/66a257c0-d172-4d1e-a68b-d89486870569/download
1665343452813 GET /api/books/66a257c0-d172-4d1e-a68b-d89486870569/download
1665343468144 GET /api/books/66a257c0-d172-4d1e-a68b-d89486870569/download
1665343536101 GET /api/books/66a257c0-d172-4d1e-a68b-d89486870569/download
1665343540574 POST /api/books
1665343541352 POST /api/books
1665343542021 POST /api/books
1665343542562 POST /api/books
1665343547246 GET /api/books
1665343548029 GET /api/books
1665343558952 POST /api/books/f0d8db54-0b00-4935-843f-e42b54b4847d/upload
1665343568812 GET /api/books/f0d8db54-0b00-4935-843f-e42b54b4847d/download
